Arguments: 
  C:\Program Files\nodejs\node.exe C:\Users\Plasma\AppData\Roaming\npm\node_modules\yarn\bin\yarn.js init

PATH: 
  C:\Python27\;C:\Python27\Scripts;C:\Windows\system32;C:\Windows;C:\Windows\System32\Wbem;C:\Windows\System32\WindowsPowerShell\v1.0\;C:\Windows\System32\OpenSSH\;C:\Program Files\nodejs\;C:\ProgramData\chocolatey\bin;C:\Program Files\Git\cmd;C:\Program Files\MySQL\MySQL Shell 8.0\bin\;C:\Users\Plasma\AppData\Local\Microsoft\WindowsApps;C:\Users\Plasma\AppData\Roaming\npm;C:\Users\Plasma\AppData\Local\hyper\app-3.0.2\resources\bin;C:\Users\Plasma\AppData\Local\Programs\Microsoft VS Code\bin

Yarn version: 
  1.22.0

Node version: 
  12.15.0

Platform: 
  win32 x64

Trace: 
  Error: canceled
      at Interface.<anonymous> (C:\Users\Plasma\AppData\Roaming\npm\node_modules\yarn\lib\cli.js:136987:13)
      at Interface.emit (events.js:223:5)
      at Interface._ttyWrite (readline.js:885:16)
      at ReadStream.onkeypress (readline.js:191:10)
      at ReadStream.emit (events.js:223:5)
      at emitKeys (internal/readline/utils.js:433:14)
      at emitKeys.next (<anonymous>)
      at ReadStream.onData (readline.js:1151:36)
      at ReadStream.emit (events.js:223:5)
      at addChunk (_stream_readable.js:309:12)

npm manifest: 
  No manifest

yarn manifest: 
  No manifest

Lockfile: 
  No lockfile
